2022-03-14 11:00:33.165 [main] [] INFO m.m.springbatch.MainBootApplication [logStarting,55] - Starting MainBootApplication on LAPTOP-ELPBIO4U with PID 6884 (F:\MyEdgeComputing\spring-batch-increment\target\classes started by lenovo in F:\MyEdgeComputing\spring-batch-increment)
2022-03-14 11:00:33.166 [main] [] INFO m.m.springbatch.MainBootApplication [logStartupProfileInfo,652] - The following profiles are active: dev
2022-03-14 11:00:35.974 [main] [] INFO o.s.d.r.c.RepositoryConfigurationDelegate [registerRepositoriesIn,127] - Bootstrapping Spring Data JPA repositories in DEFAULT mode.
2022-03-14 11:00:36.073 [main] [] INFO o.s.d.r.c.RepositoryConfigurationDelegate [registerRepositoriesIn,187] - Finished Spring Data repository scanning in 23ms. Found 0 JPA repository interfaces.
2022-03-14 11:00:38.158 [main] [] INFO o.s.b.w.e.tomcat.TomcatWebServer [initialize,108] - Tomcat initialized with port(s): 8080 (http)
2022-03-14 11:00:38.167 [main] [] INFO o.a.coyote.http11.Http11NioProtocol [log,173] - Initializing ProtocolHandler ["http-nio-8080"]
2022-03-14 11:00:38.168 [main] [] INFO o.a.catalina.core.StandardService [log,173] - Starting service [Tomcat]
2022-03-14 11:00:38.168 [main] [] INFO o.a.catalina.core.StandardEngine [log,173] - Starting Servlet engine: [Apache Tomcat/9.0.46]
2022-03-14 11:00:38.434 [main] [] INFO o.a.c.c.C.[.[localhost].[/example] [log,173] - Initializing Spring embedded WebApplicationContext
2022-03-14 11:00:38.434 [main] [] INFO o.s.b.w.s.c.ServletWebServerApplicationContext [prepareWebApplicationContext,285] - Root WebApplicationContext: initialization completed in 5149 ms
2022-03-14 11:00:39.000 [main] [] INFO com.zaxxer.hikari.HikariDataSource [getConnection,110] - HikariPool-1 - Starting...
2022-03-14 11:00:39.822 [main] [] INFO com.zaxxer.hikari.HikariDataSource [getConnection,123] - HikariPool-1 - Start completed.
2022-03-14 11:00:40.262 [main] [] INFO org.hibernate.Version [logVersion,44] - HHH000412: Hibernate ORM core version 5.4.32.Final
2022-03-14 11:00:40.589 [main] [] INFO o.h.annotations.common.Version [<clinit>,56] - HCANN000001: Hibernate Commons Annotations {5.1.2.Final}
2022-03-14 11:00:40.935 [main] [] INFO org.hibernate.dialect.Dialect [<init>,175] - HHH000400: Using dialect: org.hibernate.dialect.MySQL8Dialect
2022-03-14 11:00:42.306 [main] [] INFO o.h.e.t.j.p.i.JtaPlatformInitiator [initiateService,52] - HHH000490: Using JtaPlatform implementation: [org.hibernate.engine.transaction.jta.platform.internal.NoJtaPlatform]
2022-03-14 11:00:42.366 [main] [] INFO o.s.o.j.LocalContainerEntityManagerFactoryBean [buildNativeEntityManagerFactory,419] - Initialized JPA EntityManagerFactory for persistence unit 'default'
2022-03-14 11:00:42.734 [main] [] INFO com.zaxxer.hikari.HikariDataSource [getConnection,110] - HikariPool-2 - Starting...
2022-03-14 11:00:42.924 [main] [] INFO com.zaxxer.hikari.HikariDataSource [getConnection,123] - HikariPool-2 - Start completed.
2022-03-14 11:00:42.947 [main] [] INFO com.zaxxer.hikari.HikariDataSource [getConnection,110] - HikariPool-3 - Starting...
2022-03-14 11:00:43.307 [main] [] INFO com.zaxxer.hikari.HikariDataSource [getConnection,123] - HikariPool-3 - Start completed.
2022-03-14 11:00:43.341 [main] [] INFO com.zaxxer.hikari.HikariDataSource [getConnection,110] - HikariPool-4 - Starting...
2022-03-14 11:00:43.696 [main] [] INFO com.zaxxer.hikari.HikariDataSource [getConnection,123] - HikariPool-4 - Start completed.
2022-03-14 11:00:45.487 [main] [] INFO s.d.s.w.PropertySourcedRequestMappingHandlerMapping [initHandlerMethods,69] - Mapped URL path [/v2/api-docs] onto method [springfox.documentation.swagger2.web.Swagger2Controller#getDocumentation(String, HttpServletRequest)]
2022-03-14 11:00:45.924 [main] [] INFO o.s.s.c.ThreadPoolTaskExecutor [initialize,181] - Initializing ExecutorService 'applicationTaskExecutor'
2022-03-14 11:00:46.502 [main] [] INFO o.s.b.c.r.s.JobRepositoryFactoryBean [afterPropertiesSet,185] - No database type set, using meta data indicating: MYSQL
2022-03-14 11:00:46.544 [main] [] INFO o.s.b.c.l.support.SimpleJobLauncher [afterPropertiesSet,215] - No TaskExecutor has been set, defaulting to synchronous executor.
2022-03-14 11:00:46.734 [main] [] INFO o.s.s.c.ThreadPoolTaskScheduler [initialize,181] - Initializing ExecutorService 'taskScheduler'
2022-03-14 11:00:46.845 [main] [] INFO o.a.coyote.http11.Http11NioProtocol [log,173] - Starting ProtocolHandler ["http-nio-8080"]
2022-03-14 11:00:46.992 [main] [] INFO o.s.b.w.e.tomcat.TomcatWebServer [start,220] - Tomcat started on port(s): 8080 (http) with context path '/example'
2022-03-14 11:00:46.993 [main] [] INFO s.d.s.w.p.DocumentationPluginsBootstrapper [start,147] - Context refreshed
2022-03-14 11:00:47.225 [main] [] INFO s.d.s.w.p.DocumentationPluginsBootstrapper [start,150] - Found 1 custom documentation plugin(s)
2022-03-14 11:00:47.309 [main] [] INFO s.d.s.w.s.ApiListingReferenceScanner [scan,41] - Scanning for api listing references
2022-03-14 11:00:47.623 [main] [] INFO o.s.s.c.ThreadPoolTaskScheduler [shutdown,218] - Shutting down ExecutorService 'taskScheduler'
2022-03-14 11:00:47.631 [main] [] INFO o.s.s.c.ThreadPoolTaskExecutor [shutdown,218] - Shutting down ExecutorService 'applicationTaskExecutor'
2022-03-14 11:00:47.634 [main] [] INFO com.zaxxer.hikari.HikariDataSource [close,350] - HikariPool-4 - Shutdown initiated...
2022-03-14 11:00:48.514 [main] [] INFO com.zaxxer.hikari.HikariDataSource [close,352] - HikariPool-4 - Shutdown completed.
2022-03-14 11:00:48.515 [main] [] INFO com.zaxxer.hikari.HikariDataSource [close,350] - HikariPool-3 - Shutdown initiated...
2022-03-14 11:00:49.923 [main] [] INFO com.zaxxer.hikari.HikariDataSource [close,352] - HikariPool-3 - Shutdown completed.
2022-03-14 11:00:49.923 [main] [] INFO com.zaxxer.hikari.HikariDataSource [close,350] - HikariPool-2 - Shutdown initiated...
2022-03-14 11:01:05.264 [main] [] INFO com.zaxxer.hikari.HikariDataSource [close,352] - HikariPool-2 - Shutdown completed.
2022-03-14 11:01:05.264 [main] [] INFO o.s.o.j.LocalContainerEntityManagerFactoryBean [destroy,601] - Closing JPA EntityManagerFactory for persistence unit 'default'
2022-03-14 11:01:05.287 [main] [] INFO com.zaxxer.hikari.HikariDataSource [close,350] - HikariPool-1 - Shutdown initiated...
2022-03-14 11:01:05.292 [main] [] INFO com.zaxxer.hikari.HikariDataSource [close,352] - HikariPool-1 - Shutdown completed.
2022-03-14 11:01:05.293 [main] [] INFO c.a.n.s.c.a.c.NacosValueAnnotationBeanPostProcessor [destroy,276] - class com.alibaba.nacos.spring.context.annotation.config.NacosValueAnnotationBeanPostProcessor was destroying!
2022-03-14 11:01:05.293 [main] [] INFO c.a.n.s.b.f.a.AnnotationNacosInjectedBeanPostProcessor [destroy,276] - class com.alibaba.nacos.spring.beans.factory.annotation.AnnotationNacosInjectedBeanPostProcessor was destroying!
2022-03-14 11:01:06.081 [main] [] INFO o.a.coyote.http11.Http11NioProtocol [log,173] - Pausing ProtocolHandler ["http-nio-8080"]
2022-03-14 11:01:06.083 [main] [] INFO o.a.catalina.core.StandardService [log,173] - Stopping service [Tomcat]
2022-03-14 11:01:06.090 [main] [] INFO o.a.coyote.http11.Http11NioProtocol [log,173] - Stopping ProtocolHandler ["http-nio-8080"]
2022-03-14 11:01:06.097 [main] [] INFO o.a.coyote.http11.Http11NioProtocol [log,173] - Destroying ProtocolHandler ["http-nio-8080"]
2022-03-14 11:03:07.387 [main] [] INFO m.m.springbatch.MainBootApplication [logStarting,55] - Starting MainBootApplication on LAPTOP-ELPBIO4U with PID 10924 (F:\MyEdgeComputing\spring-batch-increment\target\classes started by lenovo in F:\MyEdgeComputing\spring-batch-increment)
2022-03-14 11:03:07.388 [main] [] INFO m.m.springbatch.MainBootApplication [logStartupProfileInfo,652] - The following profiles are active: dev
2022-03-14 11:03:08.875 [main] [] INFO o.s.d.r.c.RepositoryConfigurationDelegate [registerRepositoriesIn,127] - Bootstrapping Spring Data JPA repositories in DEFAULT mode.
2022-03-14 11:03:08.909 [main] [] INFO o.s.d.r.c.RepositoryConfigurationDelegate [registerRepositoriesIn,187] - Finished Spring Data repository scanning in 14ms. Found 0 JPA repository interfaces.
2022-03-14 11:03:09.635 [main] [] INFO o.s.b.w.e.tomcat.TomcatWebServer [initialize,108] - Tomcat initialized with port(s): 8080 (http)
2022-03-14 11:03:09.645 [main] [] INFO o.a.coyote.http11.Http11NioProtocol [log,173] - Initializing ProtocolHandler ["http-nio-8080"]
2022-03-14 11:03:09.646 [main] [] INFO o.a.catalina.core.StandardService [log,173] - Starting service [Tomcat]
2022-03-14 11:03:09.646 [main] [] INFO o.a.catalina.core.StandardEngine [log,173] - Starting Servlet engine: [Apache Tomcat/9.0.46]
2022-03-14 11:03:09.871 [main] [] INFO o.a.c.c.C.[.[localhost].[/example] [log,173] - Initializing Spring embedded WebApplicationContext
2022-03-14 11:03:09.871 [main] [] INFO o.s.b.w.s.c.ServletWebServerApplicationContext [prepareWebApplicationContext,285] - Root WebApplicationContext: initialization completed in 2432 ms
2022-03-14 11:03:10.244 [main] [] INFO com.zaxxer.hikari.HikariDataSource [getConnection,110] - HikariPool-1 - Starting...
2022-03-14 11:03:10.667 [main] [] INFO com.zaxxer.hikari.HikariDataSource [getConnection,123] - HikariPool-1 - Start completed.
2022-03-14 11:03:10.899 [main] [] INFO org.hibernate.Version [logVersion,44] - HHH000412: Hibernate ORM core version 5.4.32.Final
2022-03-14 11:03:11.073 [main] [] INFO o.h.annotations.common.Version [<clinit>,56] - HCANN000001: Hibernate Commons Annotations {5.1.2.Final}
2022-03-14 11:03:11.257 [main] [] INFO org.hibernate.dialect.Dialect [<init>,175] - HHH000400: Using dialect: org.hibernate.dialect.MySQL8Dialect
2022-03-14 11:03:11.950 [main] [] INFO o.h.e.t.j.p.i.JtaPlatformInitiator [initiateService,52] - HHH000490: Using JtaPlatform implementation: [org.hibernate.engine.transaction.jta.platform.internal.NoJtaPlatform]
2022-03-14 11:03:11.962 [main] [] INFO o.s.o.j.LocalContainerEntityManagerFactoryBean [buildNativeEntityManagerFactory,419] - Initialized JPA EntityManagerFactory for persistence unit 'default'
2022-03-14 11:03:12.258 [main] [] INFO com.zaxxer.hikari.HikariDataSource [getConnection,110] - HikariPool-2 - Starting...
2022-03-14 11:03:34.321 [main] [] INFO o.s.o.j.LocalContainerEntityManagerFactoryBean [destroy,601] - Closing JPA EntityManagerFactory for persistence unit 'default'
2022-03-14 11:03:34.331 [main] [] INFO com.zaxxer.hikari.HikariDataSource [close,350] - HikariPool-1 - Shutdown initiated...
2022-03-14 11:03:34.348 [main] [] INFO com.zaxxer.hikari.HikariDataSource [close,352] - HikariPool-1 - Shutdown completed.
2022-03-14 11:03:34.348 [main] [] INFO c.a.n.s.c.a.c.NacosValueAnnotationBeanPostProcessor [destroy,276] - class com.alibaba.nacos.spring.context.annotation.config.NacosValueAnnotationBeanPostProcessor was destroying!
2022-03-14 11:03:34.349 [main] [] INFO c.a.n.s.b.f.a.AnnotationNacosInjectedBeanPostProcessor [destroy,276] - class com.alibaba.nacos.spring.beans.factory.annotation.AnnotationNacosInjectedBeanPostProcessor was destroying!
2022-03-14 11:03:34.351 [main] [] INFO o.a.catalina.core.StandardService [log,173] - Stopping service [Tomcat]
2022-03-14 11:03:41.820 [main] [] INFO m.m.springbatch.MainBootApplication [logStarting,55] - Starting MainBootApplication on LAPTOP-ELPBIO4U with PID 18024 (F:\MyEdgeComputing\spring-batch-increment\target\classes started by lenovo in F:\MyEdgeComputing\spring-batch-increment)
2022-03-14 11:03:41.820 [main] [] INFO m.m.springbatch.MainBootApplication [logStartupProfileInfo,652] - The following profiles are active: dev
2022-03-14 11:03:43.613 [main] [] INFO o.s.d.r.c.RepositoryConfigurationDelegate [registerRepositoriesIn,127] - Bootstrapping Spring Data JPA repositories in DEFAULT mode.
2022-03-14 11:03:43.647 [main] [] INFO o.s.d.r.c.RepositoryConfigurationDelegate [registerRepositoriesIn,187] - Finished Spring Data repository scanning in 16ms. Found 0 JPA repository interfaces.
2022-03-14 11:03:44.396 [main] [] INFO o.s.b.w.e.tomcat.TomcatWebServer [initialize,108] - Tomcat initialized with port(s): 8080 (http)
2022-03-14 11:03:44.405 [main] [] INFO o.a.coyote.http11.Http11NioProtocol [log,173] - Initializing ProtocolHandler ["http-nio-8080"]
2022-03-14 11:03:44.406 [main] [] INFO o.a.catalina.core.StandardService [log,173] - Starting service [Tomcat]
2022-03-14 11:03:44.406 [main] [] INFO o.a.catalina.core.StandardEngine [log,173] - Starting Servlet engine: [Apache Tomcat/9.0.46]
2022-03-14 11:03:44.720 [main] [] INFO o.a.c.c.C.[.[localhost].[/example] [log,173] - Initializing Spring embedded WebApplicationContext
2022-03-14 11:03:44.720 [main] [] INFO o.s.b.w.s.c.ServletWebServerApplicationContext [prepareWebApplicationContext,285] - Root WebApplicationContext: initialization completed in 2840 ms
2022-03-14 11:03:45.020 [main] [] INFO com.zaxxer.hikari.HikariDataSource [getConnection,110] - HikariPool-1 - Starting...
2022-03-14 11:03:45.451 [main] [] INFO com.zaxxer.hikari.HikariDataSource [getConnection,123] - HikariPool-1 - Start completed.
2022-03-14 11:03:45.651 [main] [] INFO org.hibernate.Version [logVersion,44] - HHH000412: Hibernate ORM core version 5.4.32.Final
2022-03-14 11:03:45.791 [main] [] INFO o.h.annotations.common.Version [<clinit>,56] - HCANN000001: Hibernate Commons Annotations {5.1.2.Final}
2022-03-14 11:03:45.943 [main] [] INFO org.hibernate.dialect.Dialect [<init>,175] - HHH000400: Using dialect: org.hibernate.dialect.MySQL8Dialect
2022-03-14 11:03:46.745 [main] [] INFO o.h.e.t.j.p.i.JtaPlatformInitiator [initiateService,52] - HHH000490: Using JtaPlatform implementation: [org.hibernate.engine.transaction.jta.platform.internal.NoJtaPlatform]
2022-03-14 11:03:46.758 [main] [] INFO o.s.o.j.LocalContainerEntityManagerFactoryBean [buildNativeEntityManagerFactory,419] - Initialized JPA EntityManagerFactory for persistence unit 'default'
2022-03-14 11:03:47.023 [main] [] INFO com.zaxxer.hikari.HikariDataSource [getConnection,110] - HikariPool-2 - Starting...
2022-03-14 11:03:47.199 [main] [] INFO com.zaxxer.hikari.HikariDataSource [getConnection,123] - HikariPool-2 - Start completed.
2022-03-14 11:03:47.225 [main] [] INFO com.zaxxer.hikari.HikariDataSource [getConnection,110] - HikariPool-3 - Starting...
2022-03-14 11:03:47.539 [main] [] INFO com.zaxxer.hikari.HikariDataSource [getConnection,123] - HikariPool-3 - Start completed.
2022-03-14 11:03:47.567 [main] [] INFO com.zaxxer.hikari.HikariDataSource [getConnection,110] - HikariPool-4 - Starting...
2022-03-14 11:03:47.889 [main] [] INFO com.zaxxer.hikari.HikariDataSource [getConnection,123] - HikariPool-4 - Start completed.
2022-03-14 11:03:48.746 [main] [] INFO s.d.s.w.PropertySourcedRequestMappingHandlerMapping [initHandlerMethods,69] - Mapped URL path [/v2/api-docs] onto method [springfox.documentation.swagger2.web.Swagger2Controller#getDocumentation(String, HttpServletRequest)]
2022-03-14 11:03:48.967 [main] [] INFO o.s.s.c.ThreadPoolTaskExecutor [initialize,181] - Initializing ExecutorService 'applicationTaskExecutor'
2022-03-14 11:03:49.323 [main] [] INFO o.s.b.c.r.s.JobRepositoryFactoryBean [afterPropertiesSet,185] - No database type set, using meta data indicating: MYSQL
2022-03-14 11:03:49.344 [main] [] INFO o.s.b.c.l.support.SimpleJobLauncher [afterPropertiesSet,215] - No TaskExecutor has been set, defaulting to synchronous executor.
2022-03-14 11:03:49.487 [main] [] INFO o.s.s.c.ThreadPoolTaskScheduler [initialize,181] - Initializing ExecutorService 'taskScheduler'
2022-03-14 11:03:49.543 [main] [] INFO o.a.coyote.http11.Http11NioProtocol [log,173] - Starting ProtocolHandler ["http-nio-8080"]
2022-03-14 11:03:49.571 [main] [] INFO o.s.b.w.e.tomcat.TomcatWebServer [start,220] - Tomcat started on port(s): 8080 (http) with context path '/example'
2022-03-14 11:03:49.572 [main] [] INFO s.d.s.w.p.DocumentationPluginsBootstrapper [start,147] - Context refreshed
2022-03-14 11:03:49.589 [main] [] INFO s.d.s.w.p.DocumentationPluginsBootstrapper [start,150] - Found 1 custom documentation plugin(s)
2022-03-14 11:03:49.658 [main] [] INFO s.d.s.w.s.ApiListingReferenceScanner [scan,41] - Scanning for api listing references
2022-03-14 11:03:49.816 [main] [] INFO o.s.s.c.ThreadPoolTaskScheduler [shutdown,218] - Shutting down ExecutorService 'taskScheduler'
2022-03-14 11:03:49.819 [main] [] INFO o.s.s.c.ThreadPoolTaskExecutor [shutdown,218] - Shutting down ExecutorService 'applicationTaskExecutor'
2022-03-14 11:03:49.821 [main] [] INFO com.zaxxer.hikari.HikariDataSource [close,350] - HikariPool-4 - Shutdown initiated...
2022-03-14 11:03:49.988 [main] [] INFO com.zaxxer.hikari.HikariDataSource [close,352] - HikariPool-4 - Shutdown completed.
2022-03-14 11:03:49.989 [main] [] INFO com.zaxxer.hikari.HikariDataSource [close,350] - HikariPool-3 - Shutdown initiated...
2022-03-14 11:03:50.155 [main] [] INFO com.zaxxer.hikari.HikariDataSource [close,352] - HikariPool-3 - Shutdown completed.
2022-03-14 11:03:50.156 [main] [] INFO com.zaxxer.hikari.HikariDataSource [close,350] - HikariPool-2 - Shutdown initiated...
2022-03-14 11:04:08.587 [main] [] INFO com.zaxxer.hikari.HikariDataSource [close,352] - HikariPool-2 - Shutdown completed.
2022-03-14 11:04:08.588 [main] [] INFO o.s.o.j.LocalContainerEntityManagerFactoryBean [destroy,601] - Closing JPA EntityManagerFactory for persistence unit 'default'
2022-03-14 11:04:08.593 [main] [] INFO com.zaxxer.hikari.HikariDataSource [close,350] - HikariPool-1 - Shutdown initiated...
2022-03-14 11:04:08.602 [main] [] INFO com.zaxxer.hikari.HikariDataSource [close,352] - HikariPool-1 - Shutdown completed.
2022-03-14 11:04:08.602 [main] [] INFO c.a.n.s.c.a.c.NacosValueAnnotationBeanPostProcessor [destroy,276] - class com.alibaba.nacos.spring.context.annotation.config.NacosValueAnnotationBeanPostProcessor was destroying!
2022-03-14 11:04:08.603 [main] [] INFO c.a.n.s.b.f.a.AnnotationNacosInjectedBeanPostProcessor [destroy,276] - class com.alibaba.nacos.spring.beans.factory.annotation.AnnotationNacosInjectedBeanPostProcessor was destroying!
2022-03-14 11:04:09.497 [main] [] INFO o.a.coyote.http11.Http11NioProtocol [log,173] - Pausing ProtocolHandler ["http-nio-8080"]
2022-03-14 11:04:09.497 [main] [] INFO o.a.catalina.core.StandardService [log,173] - Stopping service [Tomcat]
2022-03-14 11:04:09.503 [main] [] INFO o.a.coyote.http11.Http11NioProtocol [log,173] - Stopping ProtocolHandler ["http-nio-8080"]
2022-03-14 11:04:09.507 [main] [] INFO o.a.coyote.http11.Http11NioProtocol [log,173] - Destroying ProtocolHandler ["http-nio-8080"]
2022-03-14 11:04:54.312 [main] [] INFO m.m.springbatch.MainBootApplication [logStarting,55] - Starting MainBootApplication on LAPTOP-ELPBIO4U with PID 844 (F:\MyEdgeComputing\spring-batch-increment\target\classes started by lenovo in F:\MyEdgeComputing\spring-batch-increment)
2022-03-14 11:04:54.314 [main] [] INFO m.m.springbatch.MainBootApplication [logStartupProfileInfo,652] - The following profiles are active: dev
2022-03-14 11:04:55.810 [main] [] INFO o.s.d.r.c.RepositoryConfigurationDelegate [registerRepositoriesIn,127] - Bootstrapping Spring Data JPA repositories in DEFAULT mode.
2022-03-14 11:04:55.845 [main] [] INFO o.s.d.r.c.RepositoryConfigurationDelegate [registerRepositoriesIn,187] - Finished Spring Data repository scanning in 16ms. Found 0 JPA repository interfaces.
2022-03-14 11:04:56.618 [main] [] INFO o.s.b.w.e.tomcat.TomcatWebServer [initialize,108] - Tomcat initialized with port(s): 8080 (http)
2022-03-14 11:04:56.628 [main] [] INFO o.a.coyote.http11.Http11NioProtocol [log,173] - Initializing ProtocolHandler ["http-nio-8080"]
2022-03-14 11:04:56.629 [main] [] INFO o.a.catalina.core.StandardService [log,173] - Starting service [Tomcat]
2022-03-14 11:04:56.629 [main] [] INFO o.a.catalina.core.StandardEngine [log,173] - Starting Servlet engine: [Apache Tomcat/9.0.46]
2022-03-14 11:04:56.820 [main] [] INFO o.a.c.c.C.[.[localhost].[/example] [log,173] - Initializing Spring embedded WebApplicationContext
2022-03-14 11:04:56.820 [main] [] INFO o.s.b.w.s.c.ServletWebServerApplicationContext [prepareWebApplicationContext,285] - Root WebApplicationContext: initialization completed in 2431 ms
2022-03-14 11:04:57.112 [main] [] INFO com.zaxxer.hikari.HikariDataSource [getConnection,110] - HikariPool-1 - Starting...
2022-03-14 11:04:57.556 [main] [] INFO com.zaxxer.hikari.HikariDataSource [getConnection,123] - HikariPool-1 - Start completed.
2022-03-14 11:04:57.724 [main] [] INFO org.hibernate.Version [logVersion,44] - HHH000412: Hibernate ORM core version 5.4.32.Final
2022-03-14 11:04:57.864 [main] [] INFO o.h.annotations.common.Version [<clinit>,56] - HCANN000001: Hibernate Commons Annotations {5.1.2.Final}
2022-03-14 11:04:58.025 [main] [] INFO org.hibernate.dialect.Dialect [<init>,175] - HHH000400: Using dialect: org.hibernate.dialect.MySQL8Dialect
2022-03-14 11:04:58.727 [main] [] INFO o.h.e.t.j.p.i.JtaPlatformInitiator [initiateService,52] - HHH000490: Using JtaPlatform implementation: [org.hibernate.engine.transaction.jta.platform.internal.NoJtaPlatform]
2022-03-14 11:04:58.739 [main] [] INFO o.s.o.j.LocalContainerEntityManagerFactoryBean [buildNativeEntityManagerFactory,419] - Initialized JPA EntityManagerFactory for persistence unit 'default'
2022-03-14 11:04:58.969 [main] [] INFO com.zaxxer.hikari.HikariDataSource [getConnection,110] - HikariPool-2 - Starting...
2022-03-14 11:04:59.106 [main] [] INFO com.zaxxer.hikari.HikariDataSource [getConnection,123] - HikariPool-2 - Start completed.
2022-03-14 11:04:59.135 [main] [] INFO com.zaxxer.hikari.HikariDataSource [getConnection,110] - HikariPool-3 - Starting...
2022-03-14 11:05:00.039 [main] [] INFO com.zaxxer.hikari.HikariDataSource [getConnection,123] - HikariPool-3 - Start completed.
2022-03-14 11:05:00.097 [main] [] INFO com.zaxxer.hikari.HikariDataSource [getConnection,110] - HikariPool-4 - Starting...
2022-03-14 11:05:01.253 [main] [] INFO com.zaxxer.hikari.HikariDataSource [getConnection,123] - HikariPool-4 - Start completed.
2022-03-14 11:05:02.075 [main] [] INFO s.d.s.w.PropertySourcedRequestMappingHandlerMapping [initHandlerMethods,69] - Mapped URL path [/v2/api-docs] onto method [springfox.documentation.swagger2.web.Swagger2Controller#getDocumentation(String, HttpServletRequest)]
2022-03-14 11:05:02.306 [main] [] INFO o.s.s.c.ThreadPoolTaskExecutor [initialize,181] - Initializing ExecutorService 'applicationTaskExecutor'
2022-03-14 11:05:02.664 [main] [] INFO o.s.b.c.r.s.JobRepositoryFactoryBean [afterPropertiesSet,185] - No database type set, using meta data indicating: MYSQL
2022-03-14 11:05:02.687 [main] [] INFO o.s.b.c.l.support.SimpleJobLauncher [afterPropertiesSet,215] - No TaskExecutor has been set, defaulting to synchronous executor.
2022-03-14 11:05:02.828 [main] [] INFO o.s.s.c.ThreadPoolTaskScheduler [initialize,181] - Initializing ExecutorService 'taskScheduler'
2022-03-14 11:05:02.880 [main] [] INFO o.a.coyote.http11.Http11NioProtocol [log,173] - Starting ProtocolHandler ["http-nio-8080"]
2022-03-14 11:05:02.912 [main] [] INFO o.s.b.w.e.tomcat.TomcatWebServer [start,220] - Tomcat started on port(s): 8080 (http) with context path '/example'
2022-03-14 11:05:02.913 [main] [] INFO s.d.s.w.p.DocumentationPluginsBootstrapper [start,147] - Context refreshed
2022-03-14 11:05:02.929 [main] [] INFO s.d.s.w.p.DocumentationPluginsBootstrapper [start,150] - Found 1 custom documentation plugin(s)
2022-03-14 11:05:02.968 [main] [] INFO s.d.s.w.s.ApiListingReferenceScanner [scan,41] - Scanning for api listing references
2022-03-14 11:05:03.125 [main] [] INFO o.s.s.c.ThreadPoolTaskScheduler [shutdown,218] - Shutting down ExecutorService 'taskScheduler'
2022-03-14 11:05:03.127 [main] [] INFO o.s.s.c.ThreadPoolTaskExecutor [shutdown,218] - Shutting down ExecutorService 'applicationTaskExecutor'
2022-03-14 11:05:03.129 [main] [] INFO com.zaxxer.hikari.HikariDataSource [close,350] - HikariPool-4 - Shutdown initiated...
2022-03-14 11:05:04.089 [main] [] INFO com.zaxxer.hikari.HikariDataSource [close,352] - HikariPool-4 - Shutdown completed.
2022-03-14 11:05:04.090 [main] [] INFO com.zaxxer.hikari.HikariDataSource [close,350] - HikariPool-3 - Shutdown initiated...
2022-03-14 11:05:04.157 [main] [] INFO com.zaxxer.hikari.HikariDataSource [close,352] - HikariPool-3 - Shutdown completed.
2022-03-14 11:05:04.157 [main] [] INFO com.zaxxer.hikari.HikariDataSource [close,350] - HikariPool-2 - Shutdown initiated...
2022-03-14 11:05:20.501 [main] [] INFO com.zaxxer.hikari.HikariDataSource [close,352] - HikariPool-2 - Shutdown completed.
2022-03-14 11:05:20.501 [main] [] INFO o.s.o.j.LocalContainerEntityManagerFactoryBean [destroy,601] - Closing JPA EntityManagerFactory for persistence unit 'default'
2022-03-14 11:05:20.507 [main] [] INFO com.zaxxer.hikari.HikariDataSource [close,350] - HikariPool-1 - Shutdown initiated...
2022-03-14 11:05:20.514 [main] [] INFO com.zaxxer.hikari.HikariDataSource [close,352] - HikariPool-1 - Shutdown completed.
2022-03-14 11:05:20.515 [main] [] INFO c.a.n.s.c.a.c.NacosValueAnnotationBeanPostProcessor [destroy,276] - class com.alibaba.nacos.spring.context.annotation.config.NacosValueAnnotationBeanPostProcessor was destroying!
2022-03-14 11:05:20.515 [main] [] INFO c.a.n.s.b.f.a.AnnotationNacosInjectedBeanPostProcessor [destroy,276] - class com.alibaba.nacos.spring.beans.factory.annotation.AnnotationNacosInjectedBeanPostProcessor was destroying!
2022-03-14 11:05:21.203 [main] [] INFO o.a.coyote.http11.Http11NioProtocol [log,173] - Pausing ProtocolHandler ["http-nio-8080"]
2022-03-14 11:05:21.203 [main] [] INFO o.a.catalina.core.StandardService [log,173] - Stopping service [Tomcat]
2022-03-14 11:05:21.207 [main] [] INFO o.a.coyote.http11.Http11NioProtocol [log,173] - Stopping ProtocolHandler ["http-nio-8080"]
2022-03-14 11:05:21.215 [main] [] INFO o.a.coyote.http11.Http11NioProtocol [log,173] - Destroying ProtocolHandler ["http-nio-8080"]
2022-03-14 11:07:02.642 [main] [] INFO m.m.springbatch.MainBootApplication [logStarting,55] - Starting MainBootApplication on LAPTOP-ELPBIO4U with PID 16500 (F:\MyEdgeComputing\spring-batch-increment\target\classes started by lenovo in F:\MyEdgeComputing\spring-batch-increment)
2022-03-14 11:07:02.643 [main] [] INFO m.m.springbatch.MainBootApplication [logStartupProfileInfo,652] - The following profiles are active: dev
2022-03-14 11:07:03.924 [main] [] INFO o.s.d.r.c.RepositoryConfigurationDelegate [registerRepositoriesIn,127] - Bootstrapping Spring Data JPA repositories in DEFAULT mode.
2022-03-14 11:07:03.956 [main] [] INFO o.s.d.r.c.RepositoryConfigurationDelegate [registerRepositoriesIn,187] - Finished Spring Data repository scanning in 14ms. Found 0 JPA repository interfaces.
2022-03-14 11:07:04.574 [main] [] INFO o.s.b.w.e.tomcat.TomcatWebServer [initialize,108] - Tomcat initialized with port(s): 8080 (http)
2022-03-14 11:07:04.584 [main] [] INFO o.a.coyote.http11.Http11NioProtocol [log,173] - Initializing ProtocolHandler ["http-nio-8080"]
2022-03-14 11:07:04.585 [main] [] INFO o.a.catalina.core.StandardService [log,173] - Starting service [Tomcat]
2022-03-14 11:07:04.585 [main] [] INFO o.a.catalina.core.StandardEngine [log,173] - Starting Servlet engine: [Apache Tomcat/9.0.46]
2022-03-14 11:07:04.776 [main] [] INFO o.a.c.c.C.[.[localhost].[/example] [log,173] - Initializing Spring embedded WebApplicationContext
2022-03-14 11:07:04.777 [main] [] INFO o.s.b.w.s.c.ServletWebServerApplicationContext [prepareWebApplicationContext,285] - Root WebApplicationContext: initialization completed in 2029 ms
2022-03-14 11:07:04.982 [main] [] INFO com.zaxxer.hikari.HikariDataSource [getConnection,110] - HikariPool-1 - Starting...
2022-03-14 11:07:05.397 [main] [] INFO com.zaxxer.hikari.HikariDataSource [getConnection,123] - HikariPool-1 - Start completed.
2022-03-14 11:07:05.549 [main] [] INFO org.hibernate.Version [logVersion,44] - HHH000412: Hibernate ORM core version 5.4.32.Final
2022-03-14 11:07:05.710 [main] [] INFO o.h.annotations.common.Version [<clinit>,56] - HCANN000001: Hibernate Commons Annotations {5.1.2.Final}
2022-03-14 11:07:05.878 [main] [] INFO org.hibernate.dialect.Dialect [<init>,175] - HHH000400: Using dialect: org.hibernate.dialect.MySQL8Dialect
2022-03-14 11:07:06.906 [main] [] INFO o.h.e.t.j.p.i.JtaPlatformInitiator [initiateService,52] - HHH000490: Using JtaPlatform implementation: [org.hibernate.engine.transaction.jta.platform.internal.NoJtaPlatform]
2022-03-14 11:07:06.918 [main] [] INFO o.s.o.j.LocalContainerEntityManagerFactoryBean [buildNativeEntityManagerFactory,419] - Initialized JPA EntityManagerFactory for persistence unit 'default'
2022-03-14 11:07:07.216 [main] [] INFO com.zaxxer.hikari.HikariDataSource [getConnection,110] - HikariPool-2 - Starting...
2022-03-14 11:07:07.352 [main] [] INFO com.zaxxer.hikari.HikariDataSource [getConnection,123] - HikariPool-2 - Start completed.
2022-03-14 11:07:07.377 [main] [] INFO com.zaxxer.hikari.HikariDataSource [getConnection,110] - HikariPool-3 - Starting...
2022-03-14 11:07:08.582 [main] [] INFO com.zaxxer.hikari.HikariDataSource [getConnection,123] - HikariPool-3 - Start completed.
2022-03-14 11:07:08.629 [main] [] INFO com.zaxxer.hikari.HikariDataSource [getConnection,110] - HikariPool-4 - Starting...
2022-03-14 11:07:08.934 [main] [] INFO com.zaxxer.hikari.HikariDataSource [getConnection,123] - HikariPool-4 - Start completed.
2022-03-14 11:07:09.486 [main] [] INFO s.d.s.w.PropertySourcedRequestMappingHandlerMapping [initHandlerMethods,69] - Mapped URL path [/v2/api-docs] onto method [springfox.documentation.swagger2.web.Swagger2Controller#getDocumentation(String, HttpServletRequest)]
2022-03-14 11:07:09.619 [main] [] INFO o.s.s.c.ThreadPoolTaskExecutor [initialize,181] - Initializing ExecutorService 'applicationTaskExecutor'
2022-03-14 11:07:09.832 [main] [] INFO o.s.b.c.r.s.JobRepositoryFactoryBean [afterPropertiesSet,185] - No database type set, using meta data indicating: MYSQL
2022-03-14 11:07:09.853 [main] [] INFO o.s.b.c.l.support.SimpleJobLauncher [afterPropertiesSet,215] - No TaskExecutor has been set, defaulting to synchronous executor.
2022-03-14 11:07:09.929 [main] [] INFO o.s.s.c.ThreadPoolTaskScheduler [initialize,181] - Initializing ExecutorService 'taskScheduler'
2022-03-14 11:07:09.968 [main] [] INFO o.a.coyote.http11.Http11NioProtocol [log,173] - Starting ProtocolHandler ["http-nio-8080"]
2022-03-14 11:07:09.991 [main] [] INFO o.s.b.w.e.tomcat.TomcatWebServer [start,220] - Tomcat started on port(s): 8080 (http) with context path '/example'
2022-03-14 11:07:09.992 [main] [] INFO s.d.s.w.p.DocumentationPluginsBootstrapper [start,147] - Context refreshed
2022-03-14 11:07:10.007 [main] [] INFO s.d.s.w.p.DocumentationPluginsBootstrapper [start,150] - Found 1 custom documentation plugin(s)
2022-03-14 11:07:10.043 [main] [] INFO s.d.s.w.s.ApiListingReferenceScanner [scan,41] - Scanning for api listing references
2022-03-14 11:07:10.237 [main] [] INFO m.m.springbatch.MainBootApplication [logStarted,61] - Started MainBootApplication in 8.118 seconds (JVM running for 10.386)
2022-03-14 11:08:15.882 [http-nio-8080-exec-2] [] INFO o.a.c.c.C.[.[localhost].[/example] [log,173] - Initializing Spring DispatcherServlet 'dispatcherServlet'
2022-03-14 11:08:15.882 [http-nio-8080-exec-2] [] INFO o.s.web.servlet.DispatcherServlet [initServletBean,525] - Initializing Servlet 'dispatcherServlet'
2022-03-14 11:08:15.897 [http-nio-8080-exec-2] [] INFO o.s.web.servlet.DispatcherServlet [initServletBean,547] - Completed initialization in 15 ms
2022-03-14 11:08:15.927 [http-nio-8080-exec-2] [] INFO m.m.s.i.RequestIdTraceInterceptor [getRequestId,32] - request parameter 和header 都没有requestId入参
2022-03-14 11:08:18.270 [http-nio-8080-exec-2] [dbff7f60d4da42b5a9e3054217c6cf41] INFO o.s.b.c.l.support.SimpleJobLauncher [run,146] - Job: [FlowJob: [name=incrementWMedicalSJob]] launched with the following parameters: [{time=1647227296576, lastUpdateTime=2022-03-06 16:58:13}]
2022-03-14 11:08:19.758 [http-nio-8080-exec-2] [dbff7f60d4da42b5a9e3054217c6cf41] INFO o.s.batch.core.job.SimpleStepHandler [handleStep,149] - Executing step: [incrementWMedicalSStep]
2022-03-14 11:08:21.027 [http-nio-8080-exec-2] [dbff7f60d4da42b5a9e3054217c6cf41] INFO m.m.s.e.i.s.IncrementWMedicalSItemProcessor [process,23] - >>>>>>>>>>>>>>>>>increment item process: 感康颗粒
2022-03-14 11:08:21.444 [http-nio-8080-exec-2] [dbff7f60d4da42b5a9e3054217c6cf41] INFO o.s.batch.core.step.AbstractStep [execute,273] - Step: [incrementWMedicalSStep] executed in 1s684ms
2022-03-14 11:08:22.190 [http-nio-8080-exec-2] [dbff7f60d4da42b5a9e3054217c6cf41] INFO o.s.b.c.l.support.SimpleJobLauncher [run,152] - Job: [FlowJob: [name=incrementWMedicalSJob]] completed with the following parameters: [{time=1647227296576, lastUpdateTime=2022-03-06 16:58:13}] and the following status: [COMPLETED] in 3s480ms
2022-03-14 11:08:22.191 [http-nio-8080-exec-2] [dbff7f60d4da42b5a9e3054217c6cf41] INFO m.m.s.s.batch.JobLauncherService [startJob,68] - 
resultCount: readCount:1,filterCount:0,commitCount:1,writeCount:1
exitStatus: exitCode=COMPLETED;exitDescription=
timeInfo: StopWatch '': running time = 5610875100 ns
---------------------------------------------
ns         %     Task name
---------------------------------------------
5610875100  100%  incrementWMedicalSJob

2022-03-14 11:12:22.367 [main] [] INFO c.a.b.n.c.a.NacosConfigApplicationContextInitializer [initialize,65] - [Nacos Config Boot] : The preload configuration is not enabled
2022-03-14 11:12:22.371 [main] [] INFO m.m.springbatch.MainBootApplication [logStarting,55] - Starting MainBootApplication on LAPTOP-ELPBIO4U with PID 19684 (F:\MyEdgeComputing\spring-batch-increment\target\classes started by lenovo in F:\MyEdgeComputing\spring-batch-increment)
2022-03-14 11:12:22.372 [main] [] INFO m.m.springbatch.MainBootApplication [logStartupProfileInfo,652] - The following profiles are active: dev
2022-03-14 11:12:23.730 [main] [] INFO o.s.d.r.c.RepositoryConfigurationDelegate [registerRepositoriesIn,127] - Bootstrapping Spring Data JPA repositories in DEFAULT mode.
2022-03-14 11:12:23.768 [main] [] INFO o.s.d.r.c.RepositoryConfigurationDelegate [registerRepositoriesIn,187] - Finished Spring Data repository scanning in 16ms. Found 0 JPA repository interfaces.
2022-03-14 11:12:24.516 [main] [] INFO o.s.b.w.e.tomcat.TomcatWebServer [initialize,108] - Tomcat initialized with port(s): 8080 (http)
2022-03-14 11:12:24.527 [main] [] INFO o.a.coyote.http11.Http11NioProtocol [log,173] - Initializing ProtocolHandler ["http-nio-8080"]
2022-03-14 11:12:24.527 [main] [] INFO o.a.catalina.core.StandardService [log,173] - Starting service [Tomcat]
2022-03-14 11:12:24.528 [main] [] INFO o.a.catalina.core.StandardEngine [log,173] - Starting Servlet engine: [Apache Tomcat/9.0.46]
2022-03-14 11:12:24.716 [main] [] INFO o.a.c.c.C.[.[localhost].[/example] [log,173] - Initializing Spring embedded WebApplicationContext
2022-03-14 11:12:24.717 [main] [] INFO o.s.b.w.s.c.ServletWebServerApplicationContext [prepareWebApplicationContext,285] - Root WebApplicationContext: initialization completed in 2225 ms
2022-03-14 11:12:25.014 [main] [] INFO com.zaxxer.hikari.HikariDataSource [getConnection,110] - HikariPool-1 - Starting...
2022-03-14 11:12:25.415 [main] [] INFO com.zaxxer.hikari.HikariDataSource [getConnection,123] - HikariPool-1 - Start completed.
2022-03-14 11:12:25.605 [main] [] INFO org.hibernate.Version [logVersion,44] - HHH000412: Hibernate ORM core version 5.4.32.Final
2022-03-14 11:12:25.743 [main] [] INFO o.h.annotations.common.Version [<clinit>,56] - HCANN000001: Hibernate Commons Annotations {5.1.2.Final}
2022-03-14 11:12:25.901 [main] [] INFO org.hibernate.dialect.Dialect [<init>,175] - HHH000400: Using dialect: org.hibernate.dialect.MySQL8Dialect
2022-03-14 11:12:26.604 [main] [] INFO o.h.e.t.j.p.i.JtaPlatformInitiator [initiateService,52] - HHH000490: Using JtaPlatform implementation: [org.hibernate.engine.transaction.jta.platform.internal.NoJtaPlatform]
2022-03-14 11:12:26.616 [main] [] INFO o.s.o.j.LocalContainerEntityManagerFactoryBean [buildNativeEntityManagerFactory,419] - Initialized JPA EntityManagerFactory for persistence unit 'default'
2022-03-14 11:12:26.888 [main] [] INFO com.zaxxer.hikari.HikariDataSource [getConnection,110] - HikariPool-2 - Starting...
2022-03-14 11:12:48.972 [main] [] INFO o.s.o.j.LocalContainerEntityManagerFactoryBean [destroy,601] - Closing JPA EntityManagerFactory for persistence unit 'default'
2022-03-14 11:12:48.979 [main] [] INFO com.zaxxer.hikari.HikariDataSource [close,350] - HikariPool-1 - Shutdown initiated...
2022-03-14 11:12:48.999 [main] [] INFO com.zaxxer.hikari.HikariDataSource [close,352] - HikariPool-1 - Shutdown completed.
2022-03-14 11:12:49.000 [main] [] INFO c.a.n.s.c.a.c.NacosValueAnnotationBeanPostProcessor [destroy,276] - class com.alibaba.nacos.spring.context.annotation.config.NacosValueAnnotationBeanPostProcessor was destroying!
2022-03-14 11:12:49.001 [main] [] INFO c.a.n.s.b.f.a.AnnotationNacosInjectedBeanPostProcessor [destroy,276] - class com.alibaba.nacos.spring.beans.factory.annotation.AnnotationNacosInjectedBeanPostProcessor was destroying!
2022-03-14 11:12:49.004 [main] [] INFO o.a.catalina.core.StandardService [log,173] - Stopping service [Tomcat]
2022-03-14 11:12:56.723 [main] [] INFO c.a.b.n.c.a.NacosConfigApplicationContextInitializer [initialize,65] - [Nacos Config Boot] : The preload configuration is not enabled
2022-03-14 11:12:56.728 [main] [] INFO m.m.springbatch.MainBootApplication [logStarting,55] - Starting MainBootApplication on LAPTOP-ELPBIO4U with PID 24380 (F:\MyEdgeComputing\spring-batch-increment\target\classes started by lenovo in F:\MyEdgeComputing\spring-batch-increment)
2022-03-14 11:12:56.729 [main] [] INFO m.m.springbatch.MainBootApplication [logStartupProfileInfo,652] - The following profiles are active: dev
2022-03-14 11:12:58.137 [main] [] INFO o.s.d.r.c.RepositoryConfigurationDelegate [registerRepositoriesIn,127] - Bootstrapping Spring Data JPA repositories in DEFAULT mode.
2022-03-14 11:12:58.171 [main] [] INFO o.s.d.r.c.RepositoryConfigurationDelegate [registerRepositoriesIn,187] - Finished Spring Data repository scanning in 14ms. Found 0 JPA repository interfaces.
2022-03-14 11:12:59.225 [main] [] INFO o.s.b.w.e.tomcat.TomcatWebServer [initialize,108] - Tomcat initialized with port(s): 8080 (http)
2022-03-14 11:12:59.233 [main] [] INFO o.a.coyote.http11.Http11NioProtocol [log,173] - Initializing ProtocolHandler ["http-nio-8080"]
2022-03-14 11:12:59.234 [main] [] INFO o.a.catalina.core.StandardService [log,173] - Starting service [Tomcat]
2022-03-14 11:12:59.235 [main] [] INFO o.a.catalina.core.StandardEngine [log,173] - Starting Servlet engine: [Apache Tomcat/9.0.46]
2022-03-14 11:12:59.418 [main] [] INFO o.a.c.c.C.[.[localhost].[/example] [log,173] - Initializing Spring embedded WebApplicationContext
2022-03-14 11:12:59.419 [main] [] INFO o.s.b.w.s.c.ServletWebServerApplicationContext [prepareWebApplicationContext,285] - Root WebApplicationContext: initialization completed in 2611 ms
2022-03-14 11:12:59.912 [main] [] INFO com.zaxxer.hikari.HikariDataSource [getConnection,110] - HikariPool-1 - Starting...
2022-03-14 11:13:00.393 [main] [] INFO com.zaxxer.hikari.HikariDataSource [getConnection,123] - HikariPool-1 - Start completed.
2022-03-14 11:13:00.570 [main] [] INFO org.hibernate.Version [logVersion,44] - HHH000412: Hibernate ORM core version 5.4.32.Final
2022-03-14 11:13:00.739 [main] [] INFO o.h.annotations.common.Version [<clinit>,56] - HCANN000001: Hibernate Commons Annotations {5.1.2.Final}
2022-03-14 11:13:01.059 [main] [] INFO org.hibernate.dialect.Dialect [<init>,175] - HHH000400: Using dialect: org.hibernate.dialect.MySQL8Dialect
2022-03-14 11:13:01.895 [main] [] INFO o.h.e.t.j.p.i.JtaPlatformInitiator [initiateService,52] - HHH000490: Using JtaPlatform implementation: [org.hibernate.engine.transaction.jta.platform.internal.NoJtaPlatform]
2022-03-14 11:13:01.909 [main] [] INFO o.s.o.j.LocalContainerEntityManagerFactoryBean [buildNativeEntityManagerFactory,419] - Initialized JPA EntityManagerFactory for persistence unit 'default'
2022-03-14 11:13:02.169 [main] [] INFO com.zaxxer.hikari.HikariDataSource [getConnection,110] - HikariPool-2 - Starting...
2022-03-14 11:13:02.341 [main] [] INFO com.zaxxer.hikari.HikariDataSource [getConnection,123] - HikariPool-2 - Start completed.
2022-03-14 11:13:02.364 [main] [] INFO com.zaxxer.hikari.HikariDataSource [getConnection,110] - HikariPool-3 - Starting...
2022-03-14 11:13:02.651 [main] [] INFO com.zaxxer.hikari.HikariDataSource [getConnection,123] - HikariPool-3 - Start completed.
2022-03-14 11:13:02.678 [main] [] INFO com.zaxxer.hikari.HikariDataSource [getConnection,110] - HikariPool-4 - Starting...
2022-03-14 11:13:03.641 [main] [] INFO com.zaxxer.hikari.HikariDataSource [getConnection,123] - HikariPool-4 - Start completed.
2022-03-14 11:13:04.457 [main] [] INFO s.d.s.w.PropertySourcedRequestMappingHandlerMapping [initHandlerMethods,69] - Mapped URL path [/v2/api-docs] onto method [springfox.documentation.swagger2.web.Swagger2Controller#getDocumentation(String, HttpServletRequest)]
2022-03-14 11:13:04.689 [main] [] INFO o.s.s.c.ThreadPoolTaskExecutor [initialize,181] - Initializing ExecutorService 'applicationTaskExecutor'
2022-03-14 11:13:05.081 [main] [] INFO o.s.b.c.r.s.JobRepositoryFactoryBean [afterPropertiesSet,185] - No database type set, using meta data indicating: MYSQL
2022-03-14 11:13:05.097 [main] [] INFO o.s.b.c.l.support.SimpleJobLauncher [afterPropertiesSet,215] - No TaskExecutor has been set, defaulting to synchronous executor.
2022-03-14 11:13:05.212 [main] [] INFO o.s.s.c.ThreadPoolTaskScheduler [initialize,181] - Initializing ExecutorService 'taskScheduler'
2022-03-14 11:13:05.269 [main] [] INFO o.a.coyote.http11.Http11NioProtocol [log,173] - Starting ProtocolHandler ["http-nio-8080"]
2022-03-14 11:13:05.296 [main] [] INFO o.s.b.w.e.tomcat.TomcatWebServer [start,220] - Tomcat started on port(s): 8080 (http) with context path '/example'
2022-03-14 11:13:05.298 [main] [] INFO s.d.s.w.p.DocumentationPluginsBootstrapper [start,147] - Context refreshed
2022-03-14 11:13:05.312 [main] [] INFO s.d.s.w.p.DocumentationPluginsBootstrapper [start,150] - Found 1 custom documentation plugin(s)
2022-03-14 11:13:05.347 [main] [] INFO s.d.s.w.s.ApiListingReferenceScanner [scan,41] - Scanning for api listing references
2022-03-14 11:13:05.517 [main] [] INFO o.s.s.c.ThreadPoolTaskScheduler [shutdown,218] - Shutting down ExecutorService 'taskScheduler'
2022-03-14 11:13:05.520 [main] [] INFO o.s.s.c.ThreadPoolTaskExecutor [shutdown,218] - Shutting down ExecutorService 'applicationTaskExecutor'
2022-03-14 11:13:05.522 [main] [] INFO com.zaxxer.hikari.HikariDataSource [close,350] - HikariPool-4 - Shutdown initiated...
2022-03-14 11:13:06.234 [main] [] INFO com.zaxxer.hikari.HikariDataSource [close,352] - HikariPool-4 - Shutdown completed.
2022-03-14 11:13:06.235 [main] [] INFO com.zaxxer.hikari.HikariDataSource [close,350] - HikariPool-3 - Shutdown initiated...
2022-03-14 11:13:06.368 [main] [] INFO com.zaxxer.hikari.HikariDataSource [close,352] - HikariPool-3 - Shutdown completed.
2022-03-14 11:13:06.368 [main] [] INFO com.zaxxer.hikari.HikariDataSource [close,350] - HikariPool-2 - Shutdown initiated...
2022-03-14 11:13:23.993 [main] [] INFO com.zaxxer.hikari.HikariDataSource [close,352] - HikariPool-2 - Shutdown completed.
2022-03-14 11:13:23.993 [main] [] INFO o.s.o.j.LocalContainerEntityManagerFactoryBean [destroy,601] - Closing JPA EntityManagerFactory for persistence unit 'default'
2022-03-14 11:13:24.004 [main] [] INFO com.zaxxer.hikari.HikariDataSource [close,350] - HikariPool-1 - Shutdown initiated...
2022-03-14 11:13:24.049 [main] [] INFO com.zaxxer.hikari.HikariDataSource [close,352] - HikariPool-1 - Shutdown completed.
2022-03-14 11:13:24.050 [main] [] INFO c.a.n.s.c.a.c.NacosValueAnnotationBeanPostProcessor [destroy,276] - class com.alibaba.nacos.spring.context.annotation.config.NacosValueAnnotationBeanPostProcessor was destroying!
2022-03-14 11:13:24.050 [main] [] INFO c.a.n.s.b.f.a.AnnotationNacosInjectedBeanPostProcessor [destroy,276] - class com.alibaba.nacos.spring.beans.factory.annotation.AnnotationNacosInjectedBeanPostProcessor was destroying!
2022-03-14 11:13:24.863 [main] [] INFO o.a.coyote.http11.Http11NioProtocol [log,173] - Pausing ProtocolHandler ["http-nio-8080"]
2022-03-14 11:13:24.863 [main] [] INFO o.a.catalina.core.StandardService [log,173] - Stopping service [Tomcat]
2022-03-14 11:13:24.868 [main] [] INFO o.a.coyote.http11.Http11NioProtocol [log,173] - Stopping ProtocolHandler ["http-nio-8080"]
2022-03-14 11:13:24.873 [main] [] INFO o.a.coyote.http11.Http11NioProtocol [log,173] - Destroying ProtocolHandler ["http-nio-8080"]
